<?xml version="1.0" encoding="UTF-8"?>
<!-- Generated by org.testng.reporters.JUnitXMLReporter -->
<testsuite ignored="0" hostname="DESKTOP-VOA36J7" failures="0" tests="3" name="Default test" time="7.418" errors="0" timestamp="2022-01-05T09:44:35 ICT">
  <testcase classname="selenium.wbdriver1.App" name="TC_01_ValidateCurrentUrl" time="0.012"/>
  <testcase classname="selenium.wbdriver1.App" name="TC_02_ValidatePageTitle" time="0.008"/>
  <testcase classname="selenium.wbdriver1.App" name="TC_03_LoginFormDisplayed" time="0.054"/>
</testsuite> <!-- Default test -->
